<?xml version="1.0" encoding="UTF-8"?>
<!-- Generated by org.testng.reporters.JUnitReportReporter -->
<testsuite skipped="0" hostname="LAPTOP-I8CLACM7" name="WordpressDemo.TestCases.VerifyValidLogin" tests="2" failures="0" timestamp="27 sie 2018 20:01:15 GMT" time="3.357" errors="0">
  <testcase name="checkValidUser" time="2.252" classname="WordpressDemo.TestCases.VerifyValidLogin"/>
  <testcase name="logOutUser" time="1.105" classname="WordpressDemo.TestCases.VerifyValidLogin"/>
</testsuite> <!-- WordpressDemo.TestCases.VerifyValidLogin -->
